<?xml version="1.0" encoding="UTF-8"?>
<!-- Generated by org.testng.reporters.JUnitXMLReporter -->
<testsuite hostname="alejandro-ubuntu" name="Command line test" tests="6" failures="0" timestamp="4 Dec 2018 20:47:48 GMT" time="0.024" errors="0">
  <testcase name="saluda_nada_gato" time="0.008" classname="com.alejandro.testproject.GatoTest"/>
  <testcase name="dimeHola_gato_saludoDeGato" time="0.001" classname="com.alejandro.testproject.MyPetTest"/>
  <testcase name="dimeHola_variosPets_correctResponse" time="0.0" classname="com.alejandro.testproject.MyPetTest"/>
  <testcase name="dimeHola_variosPets_correctResponse" time="0.0" classname="com.alejandro.testproject.MyPetTest"/>
  <testcase name="dimeHola_variosPets_correctResponse" time="0.0" classname="com.alejandro.testproject.MyPetTest"/>
  <testcase name="saluda__nada__guau" time="0.0" classname="com.alejandro.testproject.PerroTest"/>
</testsuite> <!-- Command line test -->
