<?xml version="1.0" encoding="UTF-8"?>
<!-- Generated by org.testng.reporters.JUnitXMLReporter -->
<testsuite hostname="alejandro-ubuntu" name="Command line test" tests="1" failures="1" timestamp="4 Dec 2018 19:40:22 GMT" time="0.026" errors="0">
  <testcase name="saluda__nada__guau" time="0.009" classname="com.alejandro.testproject.PerroTest">
    <failure type="java.lang.AssertionError" message="expected [guau] but found [null]">
      <![CDATA[java.lang.AssertionError: expected [guau] but found [null]
	at com.alejandro.testproject.PerroTest.saluda__nada__guau(PerroTest.java:19)
	at org.apache.maven.surefire.testng.TestNGExecutor.run(TestNGExecutor.java:77)
	at org.apache.maven.surefire.testng.TestNGDirectoryTestSuite.executeMulti(TestNGDirectoryTestSuite.java:159)
	at org.apache.maven.surefire.testng.TestNGDirectoryTestSuite.execute(TestNGDirectoryTestSuite.java:99)
	at org.apache.maven.surefire.testng.TestNGProvider.invoke(TestNGProvider.java:106)
	at org.apache.maven.surefire.util.ReflectionUtils.invokeMethodWithArray(ReflectionUtils.java:189)
	at org.apache.maven.surefire.booter.ProviderFactory$ProviderProxy.invoke(ProviderFactory.java:165)
	at org.apache.maven.surefire.booter.ProviderFactory.invokeProvider(ProviderFactory.java:85)
	at org.apache.maven.surefire.booter.ForkedBooter.runSuitesInProcess(ForkedBooter.java:115)
	at org.apache.maven.surefire.booter.ForkedBooter.main(ForkedBooter.java:75)
... Removed 30 stack frames]]>
    </failure>
  </testcase> <!-- saluda__nada__guau -->
</testsuite> <!-- Command line test -->
