<?xml version="1.0" encoding="UTF-8"?>
<testng-results skipped="0" failed="0" total="6" passed="6">
  <reporter-output>
  </reporter-output>
  <suite name="Command line suite" duration-ms="24" started-at="2018-12-04T20:47:48Z" finished-at="2018-12-04T20:47:48Z">
    <groups>
    </groups>
    <test name="Command line test" duration-ms="24" started-at="2018-12-04T20:47:48Z" finished-at="2018-12-04T20:47:48Z">
      <class name="com.alejandro.testproject.PerroTest">
        <test-method status="PASS" signature="saluda__nada__guau()[pri:0, instance:com.alejandro.testproject.PerroTest@7f63425a]" name="saluda__nada__guau" duration-ms="0" started-at="2018-12-04T21:47:48Z" finished-at="2018-12-04T21:47:48Z">
          <reporter-output>
          </reporter-output>
        </test-method> <!-- saluda__nada__guau -->
      </class> <!-- com.alejandro.testproject.PerroTest -->
      <class name="com.alejandro.testproject.GatoTest">
        <test-method status="PASS" signature="saluda_nada_gato()[pri:0, instance:com.alejandro.testproject.GatoTest@36d64342]" name="saluda_nada_gato" duration-ms="8" started-at="2018-12-04T21:47:48Z" finished-at="2018-12-04T21:47:48Z">
          <reporter-output>
          </reporter-output>
        </test-method> <!-- saluda_nada_gato -->
      </class> <!-- com.alejandro.testproject.GatoTest -->
      <class name="com.alejandro.testproject.MyPetTest">
        <test-method status="PASS" signature="setUp()[pri:0, instance:com.alejandro.testproject.MyPetTest@7c30a502]" name="setUp" is-config="true" duration-ms="1" started-at="2018-12-04T21:47:48Z" finished-at="2018-12-04T21:47:48Z">
          <reporter-output>
          </reporter-output>
        </test-method> <!-- setUp -->
        <test-method status="PASS" signature="dimeHola_gato_saludoDeGato()[pri:0, instance:com.alejandro.testproject.MyPetTest@7c30a502]" name="dimeHola_gato_saludoDeGato" duration-ms="1" started-at="2018-12-04T21:47:48Z" finished-at="2018-12-04T21:47:48Z">
          <reporter-output>
          </reporter-output>
        </test-method> <!-- dimeHola_gato_saludoDeGato -->
        <test-method status="PASS" signature="dimeHola_variosPets_correctResponse(com.alejandro.testproject.IPet, java.lang.String)[pri:0, instance:com.alejandro.testproject.MyPetTest@7c30a502]" name="dimeHola_variosPets_correctResponse" duration-ms="0" started-at="2018-12-04T21:47:48Z" data-provider="animales" finished-at="2018-12-04T21:47:48Z">
          <params>
            <param index="0">
              <value>
                <![CDATA[com.alejandro.testproject.Gato@50f8360d]]>
              </value>
            </param>
            <param index="1">
              <value>
                <![CDATA[Hola miau]]>
              </value>
            </param>
          </params>
          <reporter-output>
          </reporter-output>
        </test-method> <!-- dimeHola_variosPets_correctResponse -->
        <test-method status="PASS" signature="setUp()[pri:0, instance:com.alejandro.testproject.MyPetTest@7c30a502]" name="setUp" is-config="true" duration-ms="0" started-at="2018-12-04T21:47:48Z" finished-at="2018-12-04T21:47:48Z">
          <reporter-output>
          </reporter-output>
        </test-method> <!-- setUp -->
        <test-method status="PASS" signature="setUp()[pri:0, instance:com.alejandro.testproject.MyPetTest@7c30a502]" name="setUp" is-config="true" duration-ms="0" started-at="2018-12-04T21:47:48Z" finished-at="2018-12-04T21:47:48Z">
          <reporter-output>
          </reporter-output>
        </test-method> <!-- setUp -->
        <test-method status="PASS" signature="dimeHola_variosPets_correctResponse(com.alejandro.testproject.IPet, java.lang.String)[pri:0, instance:com.alejandro.testproject.MyPetTest@7c30a502]" name="dimeHola_variosPets_correctResponse" duration-ms="0" started-at="2018-12-04T21:47:48Z" data-provider="animales" finished-at="2018-12-04T21:47:48Z">
          <params>
            <param index="0">
              <value>
                <![CDATA[com.alejandro.testproject.Perro@2cb4c3ab]]>
              </value>
            </param>
            <param index="1">
              <value>
                <![CDATA[Hola guau]]>
              </value>
            </param>
          </params>
          <reporter-output>
          </reporter-output>
        </test-method> <!-- dimeHola_variosPets_correctResponse -->
        <test-method status="PASS" signature="setUp()[pri:0, instance:com.alejandro.testproject.MyPetTest@7c30a502]" name="setUp" is-config="true" duration-ms="1" started-at="2018-12-04T21:47:48Z" finished-at="2018-12-04T21:47:48Z">
          <reporter-output>
          </reporter-output>
        </test-method> <!-- setUp -->
        <test-method status="PASS" signature="dimeHola_variosPets_correctResponse(com.alejandro.testproject.IPet, java.lang.String)[pri:0, instance:com.alejandro.testproject.MyPetTest@7c30a502]" name="dimeHola_variosPets_correctResponse" duration-ms="0" started-at="2018-12-04T21:47:48Z" data-provider="animales" finished-at="2018-12-04T21:47:48Z">
          <params>
            <param index="0">
              <value>
                <![CDATA[com.alejandro.testproject.MyPetTest$1@13c78c0b]]>
              </value>
            </param>
            <param index="1">
              <value>
                <![CDATA[Hola]]>
              </value>
            </param>
          </params>
          <reporter-output>
          </reporter-output>
        </test-method> <!-- dimeHola_variosPets_correctResponse -->
      </class> <!-- com.alejandro.testproject.MyPetTest -->
    </test> <!-- Command line test -->
  </suite> <!-- Command line suite -->
</testng-results>
